<?xml version="1.0" encoding="UTF-8"?>
<coverage generated="1526280624899" clover="3.2.0">
  <project timestamp="1526280624900" name="All files">
    <metrics statements="37" coveredstatements="35" conditionals="21" coveredconditionals="18" methods="18" coveredmethods="17" elements="76" coveredelements="70" complexity="0" loc="37" ncloc="37" packages="2" files="5" classes="5">
      <package name="src">
        <metrics statements="6" coveredstatements="4" conditionals="4" coveredconditionals="2" methods="4" coveredmethods="3"/>
        <file name="compose.js" path="/Users/user/Documents/projects/higer-order-fetch/src/compose.js">
          <metrics statements="5" coveredstatements="3" conditionals="4" coveredconditionals="2" methods="4" coveredmethods="3"/>
          <line num="14" count="1" type="cond" truecount="1" falsecount="1"/>
          <line num="15" count="0" type="stmt"/>
          <line num="18" count="1" type="cond" truecount="1" falsecount="1"/>
          <line num="19" count="0" type="stmt"/>
          <line num="22" count="4" type="stmt"/>
        </file>
        <file name="index.js" path="/Users/user/Documents/projects/higer-order-fetch/src/index.js">
          <metrics statements="1" coveredstatements="1" conditionals="0" coveredconditionals="0" methods="0" coveredmethods="0"/>
          <line num="6" count="1" type="stmt"/>
        </file>
      </package>
      <package name="src.hof">
        <metrics statements="31" coveredstatements="31" conditionals="17" coveredconditionals="16" methods="14" coveredmethods="14"/>
        <file name="bypassCache.js" path="/Users/user/Documents/projects/higer-order-fetch/src/hof/bypassCache.js">
          <metrics statements="5" coveredstatements="5" conditionals="2" coveredconditionals="2" methods="2" coveredmethods="2"/>
          <line num="4" count="4" type="stmt"/>
          <line num="6" count="3" type="cond" truecount="2" falsecount="0"/>
          <line num="7" count="1" type="stmt"/>
          <line num="9" count="2" type="stmt"/>
          <line num="11" count="3" type="stmt"/>
        </file>
        <file name="defaultHeaders.js" path="/Users/user/Documents/projects/higer-order-fetch/src/hof/defaultHeaders.js">
          <metrics statements="9" coveredstatements="9" conditionals="4" coveredconditionals="3" methods="4" coveredmethods="4"/>
          <line num="1" count="2" type="stmt"/>
          <line num="9" count="3" type="cond" truecount="0" falsecount="1"/>
          <line num="10" count="2" type="stmt"/>
          <line num="13" count="2" type="stmt"/>
          <line num="18" count="4" type="cond" truecount="2" falsecount="0"/>
          <line num="19" count="1" type="stmt"/>
          <line num="22" count="2" type="stmt"/>
          <line num="24" count="3" type="stmt"/>
          <line num="27" count="4" type="stmt"/>
        </file>
        <file name="onErrorRetry.js" path="/Users/user/Documents/projects/higer-order-fetch/src/hof/onErrorRetry.js">
          <metrics statements="17" coveredstatements="17" conditionals="11" coveredconditionals="11" methods="8" coveredmethods="8"/>
          <line num="10" count="2" type="stmt"/>
          <line num="11" count="2" type="stmt"/>
          <line num="18" count="8" type="cond" truecount="1" falsecount="0"/>
          <line num="19" count="7" type="cond" truecount="4" falsecount="0"/>
          <line num="20" count="6" type="stmt"/>
          <line num="21" count="6" type="stmt"/>
          <line num="22" count="13" type="stmt"/>
          <line num="24" count="9" type="cond" truecount="2" falsecount="0"/>
          <line num="25" count="4" type="stmt"/>
          <line num="30" count="5" type="stmt"/>
          <line num="31" count="9" type="cond" truecount="2" falsecount="0"/>
          <line num="32" count="2" type="stmt"/>
          <line num="34" count="7" type="stmt"/>
          <line num="40" count="4" type="stmt"/>
          <line num="42" count="2" type="cond" truecount="2" falsecount="0"/>
          <line num="43" count="1" type="stmt"/>
          <line num="47" count="1" type="stmt"/>
        </file>
      </package>
    </metrics>
  </project>
</coverage>
