{"/Users/user/Documents/projects/higer-order-fetch/src/compose.js": {"path":"/Users/user/Documents/projects/higer-order-fetch/src/compose.js","statementMap":{"0":{"start":{"line":14,"column":2},"end":{"line":16,"column":3}},"1":{"start":{"line":15,"column":4},"end":{"line":15,"column":22}},"2":{"start":{"line":15,"column":18},"end":{"line":15,"column":21}},"3":{"start":{"line":18,"column":2},"end":{"line":20,"column":3}},"4":{"start":{"line":19,"column":4},"end":{"line":19,"column":20}},"5":{"start":{"line":22,"column":2},"end":{"line":22,"column":60}},"6":{"start":{"line":22,"column":32},"end":{"line":22,"column":58}},"7":{"start":{"line":22,"column":45},"end":{"line":22,"column":58}}},"fnMap":{"0":{"name":"compose","decl":{"start":{"line":13,"column":24},"end":{"line":13,"column":31}},"loc":{"start":{"line":13,"column":42},"end":{"line":23,"column":1}},"line":13},"1":{"name":"(anonymous_1)","decl":{"start":{"line":15,"column":11},"end":{"line":15,"column":12}},"loc":{"start":{"line":15,"column":18},"end":{"line":15,"column":21}},"line":15},"2":{"name":"(anonymous_2)","decl":{"start":{"line":22,"column":22},"end":{"line":22,"column":23}},"loc":{"start":{"line":22,"column":32},"end":{"line":22,"column":58}},"line":22},"3":{"name":"(anonymous_3)","decl":{"start":{"line":22,"column":32},"end":{"line":22,"column":33}},"loc":{"start":{"line":22,"column":45},"end":{"line":22,"column":58}},"line":22}},"branchMap":{"0":{"loc":{"start":{"line":14,"column":2},"end":{"line":16,"column":3}},"type":"if","locations":[{"start":{"line":14,"column":2},"end":{"line":16,"column":3}},{"start":{"line":14,"column":2},"end":{"line":16,"column":3}}],"line":14},"1":{"loc":{"start":{"line":18,"column":2},"end":{"line":20,"column":3}},"type":"if","locations":[{"start":{"line":18,"column":2},"end":{"line":20,"column":3}},{"start":{"line":18,"column":2},"end":{"line":20,"column":3}}],"line":18}},"s":{"0":1,"1":0,"2":0,"3":1,"4":0,"5":1,"6":2,"7":4},"f":{"0":1,"1":0,"2":2,"3":4},"b":{"0":[0,1],"1":[0,1]},"_coverageSchema":"332fd63041d2c1bcb487cc26dd0d5f7d97098a6c","hash":"df75838334ccb13838a6b197d5f9fdd40019f511"}
,"/Users/user/Documents/projects/higer-order-fetch/src/index.js": {"path":"/Users/user/Documents/projects/higer-order-fetch/src/index.js","statementMap":{"0":{"start":{"line":6,"column":27},"end":{"line":10,"column":1}}},"fnMap":{},"branchMap":{},"s":{"0":1},"f":{},"b":{},"_coverageSchema":"332fd63041d2c1bcb487cc26dd0d5f7d97098a6c","hash":"6e8c85bd63644be146ec576e99ba5ce64c1b87ac"}
,"/Users/user/Documents/projects/higer-order-fetch/src/hof/bypassCache.js": {"path":"/Users/user/Documents/projects/higer-order-fetch/src/hof/bypassCache.js","statementMap":{"0":{"start":{"line":4,"column":30},"end":{"line":12,"column":1}},"1":{"start":{"line":4,"column":39},"end":{"line":12,"column":1}},"2":{"start":{"line":6,"column":2},"end":{"line":10,"column":3}},"3":{"start":{"line":7,"column":4},"end":{"line":7,"column":52}},"4":{"start":{"line":9,"column":4},"end":{"line":9,"column":52}},"5":{"start":{"line":11,"column":2},"end":{"line":11,"column":37}}},"fnMap":{"0":{"name":"(anonymous_0)","decl":{"start":{"line":4,"column":30},"end":{"line":4,"column":31}},"loc":{"start":{"line":4,"column":39},"end":{"line":12,"column":1}},"line":4},"1":{"name":"(anonymous_1)","decl":{"start":{"line":4,"column":39},"end":{"line":4,"column":40}},"loc":{"start":{"line":4,"column":56},"end":{"line":12,"column":1}},"line":4}},"branchMap":{"0":{"loc":{"start":{"line":6,"column":2},"end":{"line":10,"column":3}},"type":"if","locations":[{"start":{"line":6,"column":2},"end":{"line":10,"column":3}},{"start":{"line":6,"column":2},"end":{"line":10,"column":3}}],"line":6}},"s":{"0":2,"1":4,"2":3,"3":1,"4":2,"5":3},"f":{"0":4,"1":3},"b":{"0":[1,2]},"_coverageSchema":"332fd63041d2c1bcb487cc26dd0d5f7d97098a6c","hash":"c13910bfef7514a19488cb046027d5f37f16b03a"}
,"/Users/user/Documents/projects/higer-order-fetch/src/hof/defaultHeaders.js": {"path":"/Users/user/Documents/projects/higer-order-fetch/src/hof/defaultHeaders.js","statementMap":{"0":{"start":{"line":1,"column":31},"end":{"line":3,"column":1}},"1":{"start":{"line":9,"column":33},"end":{"line":14,"column":1}},"2":{"start":{"line":9,"column":42},"end":{"line":14,"column":1}},"3":{"start":{"line":10,"column":31},"end":{"line":12,"column":4}},"4":{"start":{"line":13,"column":2},"end":{"line":13,"column":46}},"5":{"start":{"line":18,"column":2},"end":{"line":25,"column":3}},"6":{"start":{"line":19,"column":4},"end":{"line":22,"column":64}},"7":{"start":{"line":22,"column":29},"end":{"line":22,"column":57}},"8":{"start":{"line":24,"column":4},"end":{"line":24,"column":28}},"9":{"start":{"line":27,"column":2},"end":{"line":30,"column":4}}},"fnMap":{"0":{"name":"(anonymous_0)","decl":{"start":{"line":9,"column":33},"end":{"line":9,"column":34}},"loc":{"start":{"line":9,"column":42},"end":{"line":14,"column":1}},"line":9},"1":{"name":"(anonymous_1)","decl":{"start":{"line":9,"column":42},"end":{"line":9,"column":43}},"loc":{"start":{"line":9,"column":64},"end":{"line":14,"column":1}},"line":9},"2":{"name":"mergeWithDefaultHeaders","decl":{"start":{"line":16,"column":16},"end":{"line":16,"column":39}},"loc":{"start":{"line":16,"column":74},"end":{"line":31,"column":1}},"line":16},"3":{"name":"(anonymous_3)","decl":{"start":{"line":22,"column":14},"end":{"line":22,"column":15}},"loc":{"start":{"line":22,"column":29},"end":{"line":22,"column":57}},"line":22}},"branchMap":{"0":{"loc":{"start":{"line":9,"column":50},"end":{"line":9,"column":59}},"type":"default-arg","locations":[{"start":{"line":9,"column":57},"end":{"line":9,"column":59}}],"line":9},"1":{"loc":{"start":{"line":16,"column":40},"end":{"line":16,"column":56}},"type":"default-arg","locations":[{"start":{"line":16,"column":54},"end":{"line":16,"column":56}}],"line":16},"2":{"loc":{"start":{"line":18,"column":2},"end":{"line":25,"column":3}},"type":"if","locations":[{"start":{"line":18,"column":2},"end":{"line":25,"column":3}},{"start":{"line":18,"column":2},"end":{"line":25,"column":3}}],"line":18}},"s":{"0":2,"1":2,"2":3,"3":2,"4":2,"5":4,"6":1,"7":2,"8":3,"9":4},"f":{"0":3,"1":2,"2":4,"3":2},"b":{"0":[0],"1":[1],"2":[1,3]},"_coverageSchema":"332fd63041d2c1bcb487cc26dd0d5f7d97098a6c","hash":"05827df939621fd3cdb78089fc4067db4ff1cd58"}
,"/Users/user/Documents/projects/higer-order-fetch/src/hof/onErrorRetry.js": {"path":"/Users/user/Documents/projects/higer-order-fetch/src/hof/onErrorRetry.js","statementMap":{"0":{"start":{"line":10,"column":25},"end":{"line":10,"column":26}},"1":{"start":{"line":11,"column":20},"end":{"line":11,"column":23}},"2":{"start":{"line":18,"column":31},"end":{"line":48,"column":1}},"3":{"start":{"line":18,"column":40},"end":{"line":48,"column":1}},"4":{"start":{"line":19,"column":2},"end":{"line":46,"column":3}},"5":{"start":{"line":20,"column":16},"end":{"line":20,"column":17}},"6":{"start":{"line":21,"column":4},"end":{"line":45,"column":8}},"7":{"start":{"line":22,"column":6},"end":{"line":27,"column":8}},"8":{"start":{"line":24,"column":10},"end":{"line":24,"column":61}},"9":{"start":{"line":24,"column":50},"end":{"line":24,"column":61}},"10":{"start":{"line":25,"column":10},"end":{"line":25,"column":22}},"11":{"start":{"line":30,"column":8},"end":{"line":36,"column":11}},"12":{"start":{"line":31,"column":10},"end":{"line":35,"column":11}},"13":{"start":{"line":32,"column":12},"end":{"line":32,"column":43}},"14":{"start":{"line":34,"column":12},"end":{"line":34,"column":59}},"15":{"start":{"line":40,"column":16},"end":{"line":40,"column":20}},"16":{"start":{"line":42,"column":10},"end":{"line":42,"column":47}},"17":{"start":{"line":42,"column":35},"end":{"line":42,"column":47}},"18":{"start":{"line":43,"column":10},"end":{"line":43,"column":21}},"19":{"start":{"line":47,"column":2},"end":{"line":47,"column":28}}},"fnMap":{"0":{"name":"(anonymous_0)","decl":{"start":{"line":18,"column":31},"end":{"line":18,"column":32}},"loc":{"start":{"line":18,"column":40},"end":{"line":48,"column":1}},"line":18},"1":{"name":"(anonymous_1)","decl":{"start":{"line":18,"column":40},"end":{"line":18,"column":41}},"loc":{"start":{"line":18,"column":62},"end":{"line":48,"column":1}},"line":18},"2":{"name":"(anonymous_2)","decl":{"start":{"line":21,"column":28},"end":{"line":21,"column":29}},"loc":{"start":{"line":21,"column":34},"end":{"line":28,"column":5}},"line":21},"3":{"name":"(anonymous_3)","decl":{"start":{"line":23,"column":32},"end":{"line":23,"column":33}},"loc":{"start":{"line":23,"column":40},"end":{"line":26,"column":9}},"line":23},"4":{"name":"(anonymous_4)","decl":{"start":{"line":29,"column":17},"end":{"line":29,"column":18}},"loc":{"start":{"line":29,"column":27},"end":{"line":37,"column":7}},"line":29},"5":{"name":"(anonymous_5)","decl":{"start":{"line":30,"column":31},"end":{"line":30,"column":32}},"loc":{"start":{"line":30,"column":40},"end":{"line":36,"column":9}},"line":30},"6":{"name":"(anonymous_6)","decl":{"start":{"line":40,"column":8},"end":{"line":40,"column":9}},"loc":{"start":{"line":40,"column":16},"end":{"line":40,"column":20}},"line":40},"7":{"name":"(anonymous_7)","decl":{"start":{"line":41,"column":8},"end":{"line":41,"column":9}},"loc":{"start":{"line":41,"column":16},"end":{"line":44,"column":9}},"line":41}},"branchMap":{"0":{"loc":{"start":{"line":18,"column":48},"end":{"line":18,"column":57}},"type":"default-arg","locations":[{"start":{"line":18,"column":55},"end":{"line":18,"column":57}}],"line":18},"1":{"loc":{"start":{"line":19,"column":2},"end":{"line":46,"column":3}},"type":"if","locations":[{"start":{"line":19,"column":2},"end":{"line":46,"column":3}},{"start":{"line":19,"column":2},"end":{"line":46,"column":3}}],"line":19},"2":{"loc":{"start":{"line":19,"column":6},"end":{"line":19,"column":57}},"type":"binary-expr","locations":[{"start":{"line":19,"column":6},"end":{"line":19,"column":18}},{"start":{"line":19,"column":22},"end":{"line":19,"column":57}}],"line":19},"3":{"loc":{"start":{"line":24,"column":10},"end":{"line":24,"column":61}},"type":"if","locations":[{"start":{"line":24,"column":10},"end":{"line":24,"column":61}},{"start":{"line":24,"column":10},"end":{"line":24,"column":61}}],"line":24},"4":{"loc":{"start":{"line":31,"column":10},"end":{"line":35,"column":11}},"type":"if","locations":[{"start":{"line":31,"column":10},"end":{"line":35,"column":11}},{"start":{"line":31,"column":10},"end":{"line":35,"column":11}}],"line":31},"5":{"loc":{"start":{"line":42,"column":10},"end":{"line":42,"column":47}},"type":"if","locations":[{"start":{"line":42,"column":10},"end":{"line":42,"column":47}},{"start":{"line":42,"column":10},"end":{"line":42,"column":47}}],"line":42}},"s":{"0":2,"1":2,"2":2,"3":8,"4":7,"5":6,"6":6,"7":13,"8":9,"9":5,"10":4,"11":5,"12":9,"13":2,"14":7,"15":4,"16":2,"17":1,"18":1,"19":1},"f":{"0":8,"1":7,"2":13,"3":9,"4":5,"5":9,"6":4,"7":2},"b":{"0":[6],"1":[6,1],"2":[7,1],"3":[5,4],"4":[2,7],"5":[1,1]},"_coverageSchema":"332fd63041d2c1bcb487cc26dd0d5f7d97098a6c","hash":"191c4f6af7dd6fa50b350cfc2f9ed3ddf84f8908"}
}
