TN:
SF:/Users/user/Documents/projects/higer-order-fetch/src/compose.js
FN:13,compose
FN:15,(anonymous_1)
FN:22,(anonymous_2)
FN:22,(anonymous_3)
FNF:4
FNH:3
FNDA:1,compose
FNDA:0,(anonymous_1)
FNDA:2,(anonymous_2)
FNDA:4,(anonymous_3)
DA:14,1
DA:15,0
DA:18,1
DA:19,0
DA:22,4
LF:5
LH:3
BRDA:14,0,0,0
BRDA:14,0,1,1
BRDA:18,1,0,0
BRDA:18,1,1,1
BRF:4
BRH:2
end_of_record
TN:
SF:/Users/user/Documents/projects/higer-order-fetch/src/index.js
FNF:0
FNH:0
DA:6,1
LF:1
LH:1
BRF:0
BRH:0
end_of_record
TN:
SF:/Users/user/Documents/projects/higer-order-fetch/src/hof/bypassCache.js
FN:4,(anonymous_0)
FN:4,(anonymous_1)
FNF:2
FNH:2
FNDA:4,(anonymous_0)
FNDA:3,(anonymous_1)
DA:4,4
DA:6,3
DA:7,1
DA:9,2
DA:11,3
LF:5
LH:5
BRDA:6,0,0,1
BRDA:6,0,1,2
BRF:2
BRH:2
end_of_record
TN:
SF:/Users/user/Documents/projects/higer-order-fetch/src/hof/defaultHeaders.js
FN:9,(anonymous_0)
FN:9,(anonymous_1)
FN:16,mergeWithDefaultHeaders
FN:22,(anonymous_3)
FNF:4
FNH:4
FNDA:3,(anonymous_0)
FNDA:2,(anonymous_1)
FNDA:4,mergeWithDefaultHeaders
FNDA:2,(anonymous_3)
DA:1,2
DA:9,3
DA:10,2
DA:13,2
DA:18,4
DA:19,1
DA:22,2
DA:24,3
DA:27,4
LF:9
LH:9
BRDA:9,0,0,0
BRDA:16,1,0,1
BRDA:18,2,0,1
BRDA:18,2,1,3
BRF:4
BRH:3
end_of_record
TN:
SF:/Users/user/Documents/projects/higer-order-fetch/src/hof/onErrorRetry.js
FN:11,(anonymous_0)
FN:11,(anonymous_1)
FN:14,(anonymous_2)
FN:16,(anonymous_3)
FN:22,(anonymous_4)
FN:23,(anonymous_5)
FN:33,(anonymous_6)
FN:34,(anonymous_7)
FNF:8
FNH:8
FNDA:8,(anonymous_0)
FNDA:7,(anonymous_1)
FNDA:13,(anonymous_2)
FNDA:9,(anonymous_3)
FNDA:5,(anonymous_4)
FNDA:9,(anonymous_5)
FNDA:4,(anonymous_6)
FNDA:2,(anonymous_7)
DA:3,2
DA:4,2
DA:11,8
DA:12,7
DA:13,6
DA:14,6
DA:15,13
DA:17,9
DA:18,4
DA:23,5
DA:24,9
DA:25,2
DA:27,7
DA:33,4
DA:35,2
DA:36,1
DA:40,1
LF:17
LH:17
BRDA:11,0,0,6
BRDA:12,1,0,6
BRDA:12,1,1,1
BRDA:12,2,0,7
BRDA:12,2,1,1
BRDA:17,3,0,5
BRDA:17,3,1,4
BRDA:24,4,0,2
BRDA:24,4,1,7
BRDA:35,5,0,1
BRDA:35,5,1,1
BRF:11
BRH:11
end_of_record
